2025/04/30 19:35:22 conn busy
2025/05/01 09:48:10 failed to connect to `user=yabsera database=`: /var/run/postgresql/.s.PGSQL.5432 (/var/run/postgresql): server error: FATAL: role "yabsera" does not exist (SQLSTATE 28000)
2025/05/04 16:54:06 failed to connect to `user=yabsera database=`: /var/run/postgresql/.s.PGSQL.5432 (/var/run/postgresql): server error: FATAL: role "yabsera" does not exist (SQLSTATE 28000)
2025/05/04 16:55:26 failed to connect to `user=yabsera database=`: /var/run/postgresql/.s.PGSQL.5432 (/var/run/postgresql): server error: FATAL: role "yabsera" does not exist (SQLSTATE 28000)
2025/05/04 16:56:47 failed to connect to `user=yabsera database=`: /var/run/postgresql/.s.PGSQL.5432 (/var/run/postgresql): server error: FATAL: role "yabsera" does not exist (SQLSTATE 28000)
2025/05/04 16:56:48 failed to connect to `user=yabsera database=`: /var/run/postgresql/.s.PGSQL.5432 (/var/run/postgresql): server error: FATAL: role "yabsera" does not exist (SQLSTATE 28000)
2025/05/04 16:56:49 failed to connect to `user=yabsera database=`: /var/run/postgresql/.s.PGSQL.5432 (/var/run/postgresql): server error: FATAL: role "yabsera" does not exist (SQLSTATE 28000)
2025/05/10 18:54:22 failed to connect to `user=postgres database=esh`:
	127.0.0.1:5433 (localhost): dial error: dial tcp 127.0.0.1:5433: connect: connection refused
	127.0.0.1:5433 (localhost): dial error: dial tcp 127.0.0.1:5433: connect: connection refused
2025/05/10 18:54:49 http: panic serving 127.0.0.1:59396: runtime error: invalid memory address or nil pointer dereference
goroutine 21 [running]:
net/http.(*conn).serve.func1()
	/usr/local/go/src/net/http/server.go:1947 +0xbe
panic({0x9bc4c0?, 0xf81aa0?})
	/usr/local/go/src/runtime/panic.go:792 +0x132
github.com/jackc/pgx/v5.(*Conn).Query(0x0, {0xb48230?, 0xfba620?}, {0xa7ae5c, 0x1a}, {0x0, 0x0, 0x0})
	/home/yabsera/go/pkg/mod/github.com/jackc/pgx/v5@v5.7.4/conn.go:725 +0x5d
main.main.func4({0xb47250, 0xc0002a81c0}, 0xc000193b38?)
	/home/yabsera/Documents/git/golang/esh/main.go:114 +0x68
net/http.HandlerFunc.ServeHTTP(0xf9a060?, {0xb47250?, 0xc0002a81c0?}, 0x6c9db6?)
	/usr/local/go/src/net/http/server.go:2294 +0x29
net/http.(*ServeMux).ServeHTTP(0x472439?, {0xb47250, 0xc0002a81c0}, 0xc0002c4140)
	/usr/local/go/src/net/http/server.go:2822 +0x1c4
net/http.serverHandler.ServeHTTP({0xc000236240?}, {0xb47250?, 0xc0002a81c0?}, 0x6?)
	/usr/local/go/src/net/http/server.go:3301 +0x8e
net/http.(*conn).serve(0xc00018e510, {0xb48268, 0xc000236060})
	/usr/local/go/src/net/http/server.go:2102 +0x625
created by net/http.(*Server).Serve in goroutine 1
	/usr/local/go/src/net/http/server.go:3454 +0x485
2025/05/10 18:54:49 http: panic serving 127.0.0.1:46606: runtime error: invalid memory address or nil pointer dereference
goroutine 20 [running]:
net/http.(*conn).serve.func1()
	/usr/local/go/src/net/http/server.go:1947 +0xbe
panic({0x9bc4c0?, 0xf81aa0?})
	/usr/local/go/src/runtime/panic.go:792 +0x132
github.com/jackc/pgx/v5.(*Conn).Query(0x0, {0xb48230?, 0xfba620?}, {0xa7ae5c, 0x1a}, {0x0, 0x0, 0x0})
	/home/yabsera/go/pkg/mod/github.com/jackc/pgx/v5@v5.7.4/conn.go:725 +0x5d
main.main.func4({0xb47250, 0xc00039e000}, 0xc000191b38?)
	/home/yabsera/Documents/git/golang/esh/main.go:114 +0x68
net/http.HandlerFunc.ServeHTTP(0xf9a060?, {0xb47250?, 0xc00039e000?}, 0x6c9db6?)
	/usr/local/go/src/net/http/server.go:2294 +0x29
net/http.(*ServeMux).ServeHTTP(0x472439?, {0xb47250, 0xc00039e000}, 0xc000384000)
	/usr/local/go/src/net/http/server.go:2822 +0x1c4
net/http.serverHandler.ServeHTTP({0xc000236150?}, {0xb47250?, 0xc00039e000?}, 0x6?)
	/usr/local/go/src/net/http/server.go:3301 +0x8e
net/http.(*conn).serve(0xc00018e3f0, {0xb48268, 0xc000236060})
	/usr/local/go/src/net/http/server.go:2102 +0x625
created by net/http.(*Server).Serve in goroutine 1
	/usr/local/go/src/net/http/server.go:3454 +0x485
2025/05/10 18:54:49 http: panic serving 127.0.0.1:59406: runtime error: invalid memory address or nil pointer dereference
goroutine 37 [running]:
net/http.(*conn).serve.func1()
	/usr/local/go/src/net/http/server.go:1947 +0xbe
panic({0x9bc4c0?, 0xf81aa0?})
	/usr/local/go/src/runtime/panic.go:792 +0x132
github.com/jackc/pgx/v5.(*Conn).Query(0x0, {0xb48230?, 0xfba620?}, {0xa7a465, 0x19}, {0x0, 0x0, 0x0})
	/home/yabsera/go/pkg/mod/github.com/jackc/pgx/v5@v5.7.4/conn.go:725 +0x5d
main.main.func3({0xb47250, 0xc0002a82a0}, 0xc000077b38?)
	/home/yabsera/Documents/git/golang/esh/main.go:85 +0x68
net/http.HandlerFunc.ServeHTTP(0xf9a060?, {0xb47250?, 0xc0002a82a0?}, 0x6c9db6?)
	/usr/local/go/src/net/http/server.go:2294 +0x29
net/http.(*ServeMux).ServeHTTP(0x472439?, {0xb47250, 0xc0002a82a0}, 0xc0002c4280)
	/usr/local/go/src/net/http/server.go:2822 +0x1c4
net/http.serverHandler.ServeHTTP({0xc000286300?}, {0xb47250?, 0xc0002a82a0?}, 0x6?)
	/usr/local/go/src/net/http/server.go:3301 +0x8e
net/http.(*conn).serve(0xc000282240, {0xb48268, 0xc000236060})
	/usr/local/go/src/net/http/server.go:2102 +0x625
created by net/http.(*Server).Serve in goroutine 1
	/usr/local/go/src/net/http/server.go:3454 +0x485
2025/05/10 18:54:49 http: panic serving 127.0.0.1:59412: runtime error: invalid memory address or nil pointer dereference
goroutine 52 [running]:
net/http.(*conn).serve.func1()
	/usr/local/go/src/net/http/server.go:1947 +0xbe
panic({0x9bc4c0?, 0xf81aa0?})
	/usr/local/go/src/runtime/panic.go:792 +0x132
github.com/jackc/pgx/v5.(*Conn).Query(0x0, {0xb48230?, 0xfba620?}, {0xa7a465, 0x19}, {0x0, 0x0, 0x0})
	/home/yabsera/go/pkg/mod/github.com/jackc/pgx/v5@v5.7.4/conn.go:725 +0x5d
main.main.func3({0xb47250, 0xc00039e0e0}, 0xc0003c6b38?)
	/home/yabsera/Documents/git/golang/esh/main.go:85 +0x68
net/http.HandlerFunc.ServeHTTP(0xf9a060?, {0xb47250?, 0xc00039e0e0?}, 0x6c9db6?)
	/usr/local/go/src/net/http/server.go:2294 +0x29
net/http.(*ServeMux).ServeHTTP(0x472439?, {0xb47250, 0xc00039e0e0}, 0xc000384140)
	/usr/local/go/src/net/http/server.go:2822 +0x1c4
net/http.serverHandler.ServeHTTP({0xc00038c150?}, {0xb47250?, 0xc00039e0e0?}, 0x6?)
	/usr/local/go/src/net/http/server.go:3301 +0x8e
net/http.(*conn).serve(0xc000388120, {0xb48268, 0xc000236060})
	/usr/local/go/src/net/http/server.go:2102 +0x625
created by net/http.(*Server).Serve in goroutine 1
	/usr/local/go/src/net/http/server.go:3454 +0x485
2025/05/10 18:54:49 http: panic serving 127.0.0.1:59408: runtime error: invalid memory address or nil pointer dereference
goroutine 51 [running]:
net/http.(*conn).serve.func1()
	/usr/local/go/src/net/http/server.go:1947 +0xbe
panic({0x9bc4c0?, 0xf81aa0?})
	/usr/local/go/src/runtime/panic.go:792 +0x132
github.com/jackc/pgx/v5.(*Conn).Query(0x0, {0xb48230?, 0xfba620?}, {0xa7ae5c, 0x1a}, {0x0, 0x0, 0x0})
	/home/yabsera/go/pkg/mod/github.com/jackc/pgx/v5@v5.7.4/conn.go:725 +0x5d
main.main.func4({0xb47250, 0xc0000001c0}, 0xc00007bb38?)
	/home/yabsera/Documents/git/golang/esh/main.go:114 +0x68
net/http.HandlerFunc.ServeHTTP(0xf9a060?, {0xb47250?, 0xc0000001c0?}, 0x6c9db6?)
	/usr/local/go/src/net/http/server.go:2294 +0x29
net/http.(*ServeMux).ServeHTTP(0x472439?, {0xb47250, 0xc0000001c0}, 0xc0000a0280)
	/usr/local/go/src/net/http/server.go:2822 +0x1c4
net/http.serverHandler.ServeHTTP({0xc000368060?}, {0xb47250?, 0xc0000001c0?}, 0x6?)
	/usr/local/go/src/net/http/server.go:3301 +0x8e
net/http.(*conn).serve(0xc000388090, {0xb48268, 0xc000236060})
	/usr/local/go/src/net/http/server.go:2102 +0x625
created by net/http.(*Server).Serve in goroutine 1
	/usr/local/go/src/net/http/server.go:3454 +0x485
2025/05/10 18:54:49 http: panic serving 127.0.0.1:59422: runtime error: invalid memory address or nil pointer dereference
goroutine 54 [running]:
net/http.(*conn).serve.func1()
	/usr/local/go/src/net/http/server.go:1947 +0xbe
panic({0x9bc4c0?, 0xf81aa0?})
	/usr/local/go/src/runtime/panic.go:792 +0x132
github.com/jackc/pgx/v5.(*Conn).Query(0x0, {0xb48230?, 0xfba620?}, {0xa7a465, 0x19}, {0x0, 0x0, 0x0})
	/home/yabsera/go/pkg/mod/github.com/jackc/pgx/v5@v5.7.4/conn.go:725 +0x5d
main.main.func3({0xb47250, 0xc0002a8380}, 0xc0003c6b38?)
	/home/yabsera/Documents/git/golang/esh/main.go:85 +0x68
net/http.HandlerFunc.ServeHTTP(0xf9a060?, {0xb47250?, 0xc0002a8380?}, 0x6c9db6?)
	/usr/local/go/src/net/http/server.go:2294 +0x29
net/http.(*ServeMux).ServeHTTP(0x472439?, {0xb47250, 0xc0002a8380}, 0xc000384280)
	/usr/local/go/src/net/http/server.go:2822 +0x1c4
net/http.serverHandler.ServeHTTP({0xc00038c2a0?}, {0xb47250?, 0xc0002a8380?}, 0x6?)
	/usr/local/go/src/net/http/server.go:3301 +0x8e
net/http.(*conn).serve(0xc000388240, {0xb48268, 0xc000236060})
	/usr/local/go/src/net/http/server.go:2102 +0x625
created by net/http.(*Server).Serve in goroutine 1
	/usr/local/go/src/net/http/server.go:3454 +0x485
2025/05/10 18:54:49 http: panic serving 127.0.0.1:59436: runtime error: invalid memory address or nil pointer dereference
goroutine 7 [running]:
net/http.(*conn).serve.func1()
	/usr/local/go/src/net/http/server.go:1947 +0xbe
panic({0x9bc4c0?, 0xf81aa0?})
	/usr/local/go/src/runtime/panic.go:792 +0x132
github.com/jackc/pgx/v5.(*Conn).Query(0x0, {0xb48230?, 0xfba620?}, {0xa7ae5c, 0x1a}, {0x0, 0x0, 0x0})
	/home/yabsera/go/pkg/mod/github.com/jackc/pgx/v5@v5.7.4/conn.go:725 +0x5d
main.main.func4({0xb47250, 0xc0000002a0}, 0xc00007bb38?)
	/home/yabsera/Documents/git/golang/esh/main.go:114 +0x68
net/http.HandlerFunc.ServeHTTP(0xf9a060?, {0xb47250?, 0xc0000002a0?}, 0x6c9db6?)
	/usr/local/go/src/net/http/server.go:2294 +0x29
net/http.(*ServeMux).ServeHTTP(0x472439?, {0xb47250, 0xc0000002a0}, 0xc0000a03c0)
	/usr/local/go/src/net/http/server.go:2822 +0x1c4
net/http.serverHandler.ServeHTTP({0xc0003681b0?}, {0xb47250?, 0xc0000002a0?}, 0x6?)
	/usr/local/go/src/net/http/server.go:3301 +0x8e
net/http.(*conn).serve(0xc0000a21b0, {0xb48268, 0xc000236060})
	/usr/local/go/src/net/http/server.go:2102 +0x625
created by net/http.(*Server).Serve in goroutine 1
	/usr/local/go/src/net/http/server.go:3454 +0x485
2025/05/10 18:54:49 http: panic serving 127.0.0.1:59452: runtime error: invalid memory address or nil pointer dereference
goroutine 8 [running]:
net/http.(*conn).serve.func1()
	/usr/local/go/src/net/http/server.go:1947 +0xbe
panic({0x9bc4c0?, 0xf81aa0?})
	/usr/local/go/src/runtime/panic.go:792 +0x132
github.com/jackc/pgx/v5.(*Conn).Query(0x0, {0xb48230?, 0xfba620?}, {0xa7a465, 0x19}, {0x0, 0x0, 0x0})
	/home/yabsera/go/pkg/mod/github.com/jackc/pgx/v5@v5.7.4/conn.go:725 +0x5d
main.main.func3({0xb47250, 0xc00039e1c0}, 0xc00007cb38?)
	/home/yabsera/Documents/git/golang/esh/main.go:85 +0x68
net/http.HandlerFunc.ServeHTTP(0xf9a060?, {0xb47250?, 0xc00039e1c0?}, 0x6c9db6?)
	/usr/local/go/src/net/http/server.go:2294 +0x29
net/http.(*ServeMux).ServeHTTP(0x472439?, {0xb47250, 0xc00039e1c0}, 0xc0000a0500)
	/usr/local/go/src/net/http/server.go:2822 +0x1c4
net/http.serverHandler.ServeHTTP({0xc000368270?}, {0xb47250?, 0xc00039e1c0?}, 0x6?)
	/usr/local/go/src/net/http/server.go:3301 +0x8e
net/http.(*conn).serve(0xc0000a2240, {0xb48268, 0xc000236060})
	/usr/local/go/src/net/http/server.go:2102 +0x625
created by net/http.(*Server).Serve in goroutine 1
	/usr/local/go/src/net/http/server.go:3454 +0x485
2025/05/10 18:54:49 http: panic serving 127.0.0.1:59464: runtime error: invalid memory address or nil pointer dereference
goroutine 10 [running]:
net/http.(*conn).serve.func1()
	/usr/local/go/src/net/http/server.go:1947 +0xbe
panic({0x9bc4c0?, 0xf81aa0?})
	/usr/local/go/src/runtime/panic.go:792 +0x132
github.com/jackc/pgx/v5.(*Conn).Query(0x0, {0xb48230?, 0xfba620?}, {0xa7ae5c, 0x1a}, {0x0, 0x0, 0x0})
	/home/yabsera/go/pkg/mod/github.com/jackc/pgx/v5@v5.7.4/conn.go:725 +0x5d
main.main.func4({0xb47250, 0xc00039e2a0}, 0xc00007bb38?)
	/home/yabsera/Documents/git/golang/esh/main.go:114 +0x68
net/http.HandlerFunc.ServeHTTP(0xf9a060?, {0xb47250?, 0xc00039e2a0?}, 0x6c9db6?)
	/usr/local/go/src/net/http/server.go:2294 +0x29
net/http.(*ServeMux).ServeHTTP(0x472439?, {0xb47250, 0xc00039e2a0}, 0xc0000a0640)
	/usr/local/go/src/net/http/server.go:2822 +0x1c4
net/http.serverHandler.ServeHTTP({0xc0003683c0?}, {0xb47250?, 0xc00039e2a0?}, 0x6?)
	/usr/local/go/src/net/http/server.go:3301 +0x8e
net/http.(*conn).serve(0xc0000a2360, {0xb48268, 0xc000236060})
	/usr/local/go/src/net/http/server.go:2102 +0x625
created by net/http.(*Server).Serve in goroutine 1
	/usr/local/go/src/net/http/server.go:3454 +0x485
2025/05/10 18:54:49 http: panic serving 127.0.0.1:59478: runtime error: invalid memory address or nil pointer dereference
goroutine 56 [running]:
net/http.(*conn).serve.func1()
	/usr/local/go/src/net/http/server.go:1947 +0xbe
panic({0x9bc4c0?, 0xf81aa0?})
	/usr/local/go/src/runtime/panic.go:792 +0x132
github.com/jackc/pgx/v5.(*Conn).Query(0x0, {0xb48230?, 0xfba620?}, {0xa7a465, 0x19}, {0x0, 0x0, 0x0})
	/home/yabsera/go/pkg/mod/github.com/jackc/pgx/v5@v5.7.4/conn.go:725 +0x5d
main.main.func3({0xb47250, 0xc000000380}, 0xc00007cb38?)
	/home/yabsera/Documents/git/golang/esh/main.go:85 +0x68
net/http.HandlerFunc.ServeHTTP(0xf9a060?, {0xb47250?, 0xc000000380?}, 0x6c9db6?)
	/usr/local/go/src/net/http/server.go:2294 +0x29
net/http.(*ServeMux).ServeHTTP(0x472439?, {0xb47250, 0xc000000380}, 0xc0003843c0)
	/usr/local/go/src/net/http/server.go:2822 +0x1c4
net/http.serverHandler.ServeHTTP({0xc00038c3f0?}, {0xb47250?, 0xc000000380?}, 0x6?)
	/usr/local/go/src/net/http/server.go:3301 +0x8e
net/http.(*conn).serve(0xc000388360, {0xb48268, 0xc000236060})
	/usr/local/go/src/net/http/server.go:2102 +0x625
created by net/http.(*Server).Serve in goroutine 1
	/usr/local/go/src/net/http/server.go:3454 +0x485
2025/05/10 18:54:49 http: panic serving 127.0.0.1:59494: runtime error: invalid memory address or nil pointer dereference
goroutine 22 [running]:
net/http.(*conn).serve.func1()
	/usr/local/go/src/net/http/server.go:1947 +0xbe
panic({0x9bc4c0?, 0xf81aa0?})
	/usr/local/go/src/runtime/panic.go:792 +0x132
github.com/jackc/pgx/v5.(*Conn).Query(0x0, {0xb48230?, 0xfba620?}, {0xa7ae5c, 0x1a}, {0x0, 0x0, 0x0})
	/home/yabsera/go/pkg/mod/github.com/jackc/pgx/v5@v5.7.4/conn.go:725 +0x5d
main.main.func4({0xb47250, 0xc00039e380}, 0xc00007cb38?)
	/home/yabsera/Documents/git/golang/esh/main.go:114 +0x68
net/http.HandlerFunc.ServeHTTP(0xf9a060?, {0xb47250?, 0xc00039e380?}, 0x6c9db6?)
	/usr/local/go/src/net/http/server.go:2294 +0x29
net/http.(*ServeMux).ServeHTTP(0x472439?, {0xb47250, 0xc00039e380}, 0xc0000a0780)
	/usr/local/go/src/net/http/server.go:2822 +0x1c4
net/http.serverHandler.ServeHTTP({0xc0003684b0?}, {0xb47250?, 0xc00039e380?}, 0x6?)
	/usr/local/go/src/net/http/server.go:3301 +0x8e
net/http.(*conn).serve(0xc00018e5a0, {0xb48268, 0xc000236060})
	/usr/local/go/src/net/http/server.go:2102 +0x625
created by net/http.(*Server).Serve in goroutine 1
	/usr/local/go/src/net/http/server.go:3454 +0x485
2025/05/10 18:54:49 http: panic serving 127.0.0.1:59502: runtime error: invalid memory address or nil pointer dereference
goroutine 23 [running]:
net/http.(*conn).serve.func1()
	/usr/local/go/src/net/http/server.go:1947 +0xbe
panic({0x9bc4c0?, 0xf81aa0?})
	/usr/local/go/src/runtime/panic.go:792 +0x132
github.com/jackc/pgx/v5.(*Conn).Query(0x0, {0xb48230?, 0xfba620?}, {0xa7a465, 0x19}, {0x0, 0x0, 0x0})
	/home/yabsera/go/pkg/mod/github.com/jackc/pgx/v5@v5.7.4/conn.go:725 +0x5d
main.main.func3({0xb47250, 0xc000000460}, 0xc00007bb38?)
	/home/yabsera/Documents/git/golang/esh/main.go:85 +0x68
net/http.HandlerFunc.ServeHTTP(0xf9a060?, {0xb47250?, 0xc000000460?}, 0x6c9db6?)
	/usr/local/go/src/net/http/server.go:2294 +0x29
net/http.(*ServeMux).ServeHTTP(0x472439?, {0xb47250, 0xc000000460}, 0xc000384500)
	/usr/local/go/src/net/http/server.go:2822 +0x1c4
net/http.serverHandler.ServeHTTP({0xc00038c4e0?}, {0xb47250?, 0xc000000460?}, 0x6?)
	/usr/local/go/src/net/http/server.go:3301 +0x8e
net/http.(*conn).serve(0xc00018e630, {0xb48268, 0xc000236060})
	/usr/local/go/src/net/http/server.go:2102 +0x625
created by net/http.(*Server).Serve in goroutine 1
	/usr/local/go/src/net/http/server.go:3454 +0x485
2025/05/10 18:54:49 http: panic serving 127.0.0.1:59518: runtime error: invalid memory address or nil pointer dereference
goroutine 13 [running]:
net/http.(*conn).serve.func1()
	/usr/local/go/src/net/http/server.go:1947 +0xbe
panic({0x9bc4c0?, 0xf81aa0?})
	/usr/local/go/src/runtime/panic.go:792 +0x132
github.com/jackc/pgx/v5.(*Conn).Query(0x0, {0xb48230?, 0xfba620?}, {0xa7ae5c, 0x1a}, {0x0, 0x0, 0x0})
	/home/yabsera/go/pkg/mod/github.com/jackc/pgx/v5@v5.7.4/conn.go:725 +0x5d
main.main.func4({0xb47250, 0xc00039e460}, 0xc00007cb38?)
	/home/yabsera/Documents/git/golang/esh/main.go:114 +0x68
net/http.HandlerFunc.ServeHTTP(0xf9a060?, {0xb47250?, 0xc00039e460?}, 0x6c9db6?)
	/usr/local/go/src/net/http/server.go:2294 +0x29
net/http.(*ServeMux).ServeHTTP(0x472439?, {0xb47250, 0xc00039e460}, 0xc000384640)
	/usr/local/go/src/net/http/server.go:2822 +0x1c4
net/http.serverHandler.ServeHTTP({0xc00038c5d0?}, {0xb47250?, 0xc00039e460?}, 0x6?)
	/usr/local/go/src/net/http/server.go:3301 +0x8e
net/http.(*conn).serve(0xc0000a2510, {0xb48268, 0xc000236060})
	/usr/local/go/src/net/http/server.go:2102 +0x625
created by net/http.(*Server).Serve in goroutine 1
	/usr/local/go/src/net/http/server.go:3454 +0x485
2025/05/10 18:54:49 http: panic serving 127.0.0.1:59528: runtime error: invalid memory address or nil pointer dereference
goroutine 24 [running]:
net/http.(*conn).serve.func1()
	/usr/local/go/src/net/http/server.go:1947 +0xbe
panic({0x9bc4c0?, 0xf81aa0?})
	/usr/local/go/src/runtime/panic.go:792 +0x132
github.com/jackc/pgx/v5.(*Conn).Query(0x0, {0xb48230?, 0xfba620?}, {0xa7a465, 0x19}, {0x0, 0x0, 0x0})
	/home/yabsera/go/pkg/mod/github.com/jackc/pgx/v5@v5.7.4/conn.go:725 +0x5d
main.main.func3({0xb47250, 0xc00023e000}, 0xc000078b38?)
	/home/yabsera/Documents/git/golang/esh/main.go:85 +0x68
net/http.HandlerFunc.ServeHTTP(0xf9a060?, {0xb47250?, 0xc00023e000?}, 0x6c9db6?)
	/usr/local/go/src/net/http/server.go:2294 +0x29
net/http.(*ServeMux).ServeHTTP(0x472439?, {0xb47250, 0xc00023e000}, 0xc000180500)
	/usr/local/go/src/net/http/server.go:2822 +0x1c4
net/http.serverHandler.ServeHTTP({0xc0002363f0?}, {0xb47250?, 0xc00023e000?}, 0x6?)
	/usr/local/go/src/net/http/server.go:3301 +0x8e
net/http.(*conn).serve(0xc00018e6c0, {0xb48268, 0xc000236060})
	/usr/local/go/src/net/http/server.go:2102 +0x625
created by net/http.(*Server).Serve in goroutine 1
	/usr/local/go/src/net/http/server.go:3454 +0x485
2025/05/10 18:54:49 http: panic serving 127.0.0.1:59530: runtime error: invalid memory address or nil pointer dereference
goroutine 26 [running]:
net/http.(*conn).serve.func1()
	/usr/local/go/src/net/http/server.go:1947 +0xbe
panic({0x9bc4c0?, 0xf81aa0?})
	/usr/local/go/src/runtime/panic.go:792 +0x132
github.com/jackc/pgx/v5.(*Conn).Query(0x0, {0xb48230?, 0xfba620?}, {0xa7ae5c, 0x1a}, {0x0, 0x0, 0x0})
	/home/yabsera/go/pkg/mod/github.com/jackc/pgx/v5@v5.7.4/conn.go:725 +0x5d
main.main.func4({0xb47250, 0xc00039e540}, 0xc00007cb38?)
	/home/yabsera/Documents/git/golang/esh/main.go:114 +0x68
net/http.HandlerFunc.ServeHTTP(0xf9a060?, {0xb47250?, 0xc00039e540?}, 0x6c9db6?)
	/usr/local/go/src/net/http/server.go:2294 +0x29
net/http.(*ServeMux).ServeHTTP(0x472439?, {0xb47250, 0xc00039e540}, 0xc000384780)
	/usr/local/go/src/net/http/server.go:2822 +0x1c4
net/http.serverHandler.ServeHTTP({0xc00038c6c0?}, {0xb47250?, 0xc00039e540?}, 0x6?)
	/usr/local/go/src/net/http/server.go:3301 +0x8e
net/http.(*conn).serve(0xc00018e7e0, {0xb48268, 0xc000236060})
	/usr/local/go/src/net/http/server.go:2102 +0x625
created by net/http.(*Server).Serve in goroutine 1
	/usr/local/go/src/net/http/server.go:3454 +0x485
2025/05/10 18:54:49 http: panic serving 127.0.0.1:59534: runtime error: invalid memory address or nil pointer dereference
goroutine 27 [running]:
net/http.(*conn).serve.func1()
	/usr/local/go/src/net/http/server.go:1947 +0xbe
panic({0x9bc4c0?, 0xf81aa0?})
	/usr/local/go/src/runtime/panic.go:792 +0x132
github.com/jackc/pgx/v5.(*Conn).Query(0x0, {0xb48230?, 0xfba620?}, {0xa7a465, 0x19}, {0x0, 0x0, 0x0})
	/home/yabsera/go/pkg/mod/github.com/jackc/pgx/v5@v5.7.4/conn.go:725 +0x5d
main.main.func3({0xb47250, 0xc00023e0e0}, 0xc000078b38?)
	/home/yabsera/Documents/git/golang/esh/main.go:85 +0x68
net/http.HandlerFunc.ServeHTTP(0xf9a060?, {0xb47250?, 0xc00023e0e0?}, 0x6c9db6?)
	/usr/local/go/src/net/http/server.go:2294 +0x29
net/http.(*ServeMux).ServeHTTP(0x472439?, {0xb47250, 0xc00023e0e0}, 0xc000180640)
	/usr/local/go/src/net/http/server.go:2822 +0x1c4
net/http.serverHandler.ServeHTTP({0xc0002365d0?}, {0xb47250?, 0xc00023e0e0?}, 0x6?)
	/usr/local/go/src/net/http/server.go:3301 +0x8e
net/http.(*conn).serve(0xc00018e870, {0xb48268, 0xc000236060})
	/usr/local/go/src/net/http/server.go:2102 +0x625
created by net/http.(*Server).Serve in goroutine 1
	/usr/local/go/src/net/http/server.go:3454 +0x485
2025/05/10 18:54:49 http: panic serving 127.0.0.1:59546: runtime error: invalid memory address or nil pointer dereference
goroutine 29 [running]:
net/http.(*conn).serve.func1()
	/usr/local/go/src/net/http/server.go:1947 +0xbe
panic({0x9bc4c0?, 0xf81aa0?})
	/usr/local/go/src/runtime/panic.go:792 +0x132
github.com/jackc/pgx/v5.(*Conn).Query(0x0, {0xb48230?, 0xfba620?}, {0xa7ae5c, 0x1a}, {0x0, 0x0, 0x0})
	/home/yabsera/go/pkg/mod/github.com/jackc/pgx/v5@v5.7.4/conn.go:725 +0x5d
main.main.func4({0xb47250, 0xc00039e620}, 0xb?)
	/home/yabsera/Documents/git/golang/esh/main.go:114 +0x68
net/http.HandlerFunc.ServeHTTP(0xf9a060?, {0xb47250?, 0xc00039e620?}, 0x6c9db6?)
	/usr/local/go/src/net/http/server.go:2294 +0x29
net/http.(*ServeMux).ServeHTTP(0x472439?, {0xb47250, 0xc00039e620}, 0xc0003848c0)
	/usr/local/go/src/net/http/server.go:2822 +0x1c4
net/http.serverHandler.ServeHTTP({0xc00038c7b0?}, {0xb47250?, 0xc00039e620?}, 0x6?)
	/usr/local/go/src/net/http/server.go:3301 +0x8e
net/http.(*conn).serve(0xc00018e990, {0xb48268, 0xc000236060})
	/usr/local/go/src/net/http/server.go:2102 +0x625
created by net/http.(*Server).Serve in goroutine 1
	/usr/local/go/src/net/http/server.go:3454 +0x485
2025/05/10 18:54:49 http: panic serving 127.0.0.1:59560: runtime error: invalid memory address or nil pointer dereference
goroutine 40 [running]:
net/http.(*conn).serve.func1()
	/usr/local/go/src/net/http/server.go:1947 +0xbe
panic({0x9bc4c0?, 0xf81aa0?})
	/usr/local/go/src/runtime/panic.go:792 +0x132
github.com/jackc/pgx/v5.(*Conn).Query(0x0, {0xb48230?, 0xfba620?}, {0xa7ae5c, 0x1a}, {0x0, 0x0, 0x0})
	/home/yabsera/go/pkg/mod/github.com/jackc/pgx/v5@v5.7.4/conn.go:725 +0x5d
main.main.func4({0xb47250, 0xc0002a8460}, 0xb?)
	/home/yabsera/Documents/git/golang/esh/main.go:114 +0x68
net/http.HandlerFunc.ServeHTTP(0xf9a060?, {0xb47250?, 0xc0002a8460?}, 0x6c9db6?)
	/usr/local/go/src/net/http/server.go:2294 +0x29
net/http.(*ServeMux).ServeHTTP(0x472439?, {0xb47250, 0xc0002a8460}, 0xc0002c43c0)
	/usr/local/go/src/net/http/server.go:2822 +0x1c4
net/http.serverHandler.ServeHTTP({0xc000286540?}, {0xb47250?, 0xc0002a8460?}, 0x6?)
	/usr/local/go/src/net/http/server.go:3301 +0x8e
net/http.(*conn).serve(0xc0002823f0, {0xb48268, 0xc000236060})
	/usr/local/go/src/net/http/server.go:2102 +0x625
created by net/http.(*Server).Serve in goroutine 1
	/usr/local/go/src/net/http/server.go:3454 +0x485
2025/05/10 18:54:49 http: panic serving 127.0.0.1:59548: runtime error: invalid memory address or nil pointer dereference
goroutine 30 [running]:
net/http.(*conn).serve.func1()
	/usr/local/go/src/net/http/server.go:1947 +0xbe
panic({0x9bc4c0?, 0xf81aa0?})
	/usr/local/go/src/runtime/panic.go:792 +0x132
github.com/jackc/pgx/v5.(*Conn).Query(0x0, {0xb48230?, 0xfba620?}, {0xa7a465, 0x19}, {0x0, 0x0, 0x0})
	/home/yabsera/go/pkg/mod/github.com/jackc/pgx/v5@v5.7.4/conn.go:725 +0x5d
main.main.func3({0xb47250, 0xc00023e1c0}, 0xa?)
	/home/yabsera/Documents/git/golang/esh/main.go:85 +0x68
net/http.HandlerFunc.ServeHTTP(0xf9a060?, {0xb47250?, 0xc00023e1c0?}, 0x6c9db6?)
	/usr/local/go/src/net/http/server.go:2294 +0x29
net/http.(*ServeMux).ServeHTTP(0x472439?, {0xb47250, 0xc00023e1c0}, 0xc000180780)
	/usr/local/go/src/net/http/server.go:2822 +0x1c4
net/http.serverHandler.ServeHTTP({0xc000236780?}, {0xb47250?, 0xc00023e1c0?}, 0x6?)
	/usr/local/go/src/net/http/server.go:3301 +0x8e
net/http.(*conn).serve(0xc00018ea20, {0xb48268, 0xc000236060})
	/usr/local/go/src/net/http/server.go:2102 +0x625
created by net/http.(*Server).Serve in goroutine 1
	/usr/local/go/src/net/http/server.go:3454 +0x485
2025/05/10 18:54:49 http: panic serving 127.0.0.1:59566: runtime error: invalid memory address or nil pointer dereference
goroutine 32 [running]:
net/http.(*conn).serve.func1()
	/usr/local/go/src/net/http/server.go:1947 +0xbe
panic({0x9bc4c0?, 0xf81aa0?})
	/usr/local/go/src/runtime/panic.go:792 +0x132
github.com/jackc/pgx/v5.(*Conn).Query(0x0, {0xb48230?, 0xfba620?}, {0xa7a465, 0x19}, {0x0, 0x0, 0x0})
	/home/yabsera/go/pkg/mod/github.com/jackc/pgx/v5@v5.7.4/conn.go:725 +0x5d
main.main.func3({0xb47250, 0xc0002a8000}, 0xc000076b38?)
	/home/yabsera/Documents/git/golang/esh/main.go:85 +0x68
net/http.HandlerFunc.ServeHTTP(0xf9a060?, {0xb47250?, 0xc0002a8000?}, 0x6c9db6?)
	/usr/local/go/src/net/http/server.go:2294 +0x29
net/http.(*ServeMux).ServeHTTP(0x472439?, {0xb47250, 0xc0002a8000}, 0xc0002c4000)
	/usr/local/go/src/net/http/server.go:2822 +0x1c4
net/http.serverHandler.ServeHTTP({0xc0002860c0?}, {0xb47250?, 0xc0002a8000?}, 0x6?)
	/usr/local/go/src/net/http/server.go:3301 +0x8e
net/http.(*conn).serve(0xc000282000, {0xb48268, 0xc000236060})
	/usr/local/go/src/net/http/server.go:2102 +0x625
created by net/http.(*Server).Serve in goroutine 1
	/usr/local/go/src/net/http/server.go:3454 +0x485
2025/05/10 18:57:01 http: panic serving 127.0.0.1:59568: runtime error: invalid memory address or nil pointer dereference
goroutine 14 [running]:
net/http.(*conn).serve.func1()
	/usr/local/go/src/net/http/server.go:1947 +0xbe
panic({0x9bc4c0?, 0xf81aa0?})
	/usr/local/go/src/runtime/panic.go:792 +0x132
github.com/jackc/pgx/v5.(*Conn).Exec(0x0, {0xb48230?, 0xfba620?}, {0xa8f606, 0x46}, {0xc00011d050, 0x3, 0x3})
	/home/yabsera/go/pkg/mod/github.com/jackc/pgx/v5@v5.7.4/conn.go:458 +0x5a
main.main.func2({0xb47250, 0xc0000ae000}, 0xc0001803c0)
	/home/yabsera/Documents/git/golang/esh/main.go:70 +0x1c5
net/http.HandlerFunc.ServeHTTP(0xf9a060?, {0xb47250?, 0xc0000ae000?}, 0xc000191b60?)
	/usr/local/go/src/net/http/server.go:2294 +0x29
net/http.(*ServeMux).ServeHTTP(0x41b305?, {0xb47250, 0xc0000ae000}, 0xc0001803c0)
	/usr/local/go/src/net/http/server.go:2822 +0x1c4
net/http.serverHandler.ServeHTTP({0xb44350?}, {0xb47250?, 0xc0000ae000?}, 0x6?)
	/usr/local/go/src/net/http/server.go:3301 +0x8e
net/http.(*conn).serve(0xc00018e1b0, {0xb48268, 0xc000236060})
	/usr/local/go/src/net/http/server.go:2102 +0x625
created by net/http.(*Server).Serve in goroutine 1
	/usr/local/go/src/net/http/server.go:3454 +0x485
2025/05/10 18:57:01 http: panic serving 127.0.0.1:54136: runtime error: invalid memory address or nil pointer dereference
goroutine 85 [running]:
net/http.(*conn).serve.func1()
	/usr/local/go/src/net/http/server.go:1947 +0xbe
panic({0x9bc4c0?, 0xf81aa0?})
	/usr/local/go/src/runtime/panic.go:792 +0x132
github.com/jackc/pgx/v5.(*Conn).Exec(0x0, {0xb48230?, 0xfba620?}, {0xa8f606, 0x46}, {0xc000286810, 0x3, 0x3})
	/home/yabsera/go/pkg/mod/github.com/jackc/pgx/v5@v5.7.4/conn.go:458 +0x5a
main.main.func2({0xb47250, 0xc0002a8380}, 0xc0001ac000)
	/home/yabsera/Documents/git/golang/esh/main.go:70 +0x1c5
net/http.HandlerFunc.ServeHTTP(0xf9a060?, {0xb47250?, 0xc0002a8380?}, 0xc000017b60?)
	/usr/local/go/src/net/http/server.go:2294 +0x29
net/http.(*ServeMux).ServeHTTP(0x41b305?, {0xb47250, 0xc0002a8380}, 0xc0001ac000)
	/usr/local/go/src/net/http/server.go:2822 +0x1c4
net/http.serverHandler.ServeHTTP({0xb44350?}, {0xb47250?, 0xc0002a8380?}, 0x6?)
	/usr/local/go/src/net/http/server.go:3301 +0x8e
net/http.(*conn).serve(0xc000388240, {0xb48268, 0xc000236060})
	/usr/local/go/src/net/http/server.go:2102 +0x625
created by net/http.(*Server).Serve in goroutine 1
	/usr/local/go/src/net/http/server.go:3454 +0x485
